<?xml version="1.0" encoding="UTF-8"?>
<testng-results skipped="0" failed="0" ignored="0" total="1" passed="1">
  <reporter-output>
  </reporter-output>
  <suite name="Default suite" duration-ms="25565" started-at="2017-02-23T16:48:01Z" finished-at="2017-02-23T16:48:27Z">
    <groups>
    </groups>
    <test name="Default test" duration-ms="25565" started-at="2017-02-23T16:48:01Z" finished-at="2017-02-23T16:48:27Z">
      <class name="packt.selenium.chap3_9.SearchGoogleTest">
        <test-method status="PASS" signature="setup()[pri:0, instance:packt.selenium.chap3_9.SearchGoogleTest@55f3ddb1]" name="setup" is-config="true" duration-ms="14882" started-at="2017-02-23T19:48:01Z" finished-at="2017-02-23T19:48:16Z">
          <reporter-output>
          </reporter-output>
        </test-method> <!-- setup -->
        <test-method status="PASS" signature="testGoogleSearch()[pri:0, instance:packt.selenium.chap3_9.SearchGoogleTest@55f3ddb1]" name="testGoogleSearch" duration-ms="7019" started-at="2017-02-23T19:48:16Z" finished-at="2017-02-23T19:48:23Z">
          <reporter-output>
          </reporter-output>
        </test-method> <!-- testGoogleSearch -->
        <test-method status="PASS" signature="tearDown()[pri:0, instance:packt.selenium.chap3_9.SearchGoogleTest@55f3ddb1]" name="tearDown" is-config="true" duration-ms="3595" started-at="2017-02-23T19:48:23Z" finished-at="2017-02-23T19:48:27Z">
          <reporter-output>
          </reporter-output>
        </test-method> <!-- tearDown -->
      </class> <!-- packt.selenium.chap3_9.SearchGoogleTest -->
    </test> <!-- Default test -->
  </suite> <!-- Default suite -->
</testng-results>
